0 info it worked if it ends with ok
1 verbose cli [ '/Users/Joshfire/.nvm/v0.10.16/bin/node',
1 verbose cli   '/Users/Joshfire/.nvm/v0.10.16/bin/npm',
1 verbose cli   'install',
1 verbose cli   '-g',
1 verbose cli   'https://github.com/fradinni/njsp.git' ]
2 info using npm@1.3.8
3 info using node@v0.10.16
4 verbose cache add [ 'https://github.com/fradinni/njsp.git', null ]
5 verbose cache add name=undefined spec="https://github.com/fradinni/njsp.git" args=["https://github.com/fradinni/njsp.git",null]
6 verbose parsed url { protocol: 'https:',
6 verbose parsed url   slashes: true,
6 verbose parsed url   auth: null,
6 verbose parsed url   host: 'github.com',
6 verbose parsed url   port: null,
6 verbose parsed url   hostname: 'github.com',
6 verbose parsed url   hash: null,
6 verbose parsed url   search: null,
6 verbose parsed url   query: null,
6 verbose parsed url   pathname: '/fradinni/njsp.git',
6 verbose parsed url   path: '/fradinni/njsp.git',
6 verbose parsed url   href: 'https://github.com/fradinni/njsp.git' }
7 silly lockFile 04362e20-tps-github-com-fradinni-njsp-git https://github.com/fradinni/njsp.git
8 verbose lock https://github.com/fradinni/njsp.git /Users/Joshfire/.npm/04362e20-tps-github-com-fradinni-njsp-git.lock
9 verbose addRemoteTarball [ 'https://github.com/fradinni/njsp.git', null ]
10 info retry fetch attempt 1 at 12:23:08
11 verbose fetch to= /var/folders/yr/j1gy84lx42q9s05m4n2h9zjm0000gp/T/npm-67410-Dn0lnOn9/1386674588719-0.7867263027001172/tmp.tgz
12 http GET https://github.com/fradinni/njsp.git
13 http 200 https://github.com/fradinni/njsp.git
14 verbose tar unpack /var/folders/yr/j1gy84lx42q9s05m4n2h9zjm0000gp/T/npm-67410-Dn0lnOn9/1386674588719-0.7867263027001172/tmp.tgz
15 silly lockFile 41e81686-88719-0-7867263027001172-package tar:///var/folders/yr/j1gy84lx42q9s05m4n2h9zjm0000gp/T/npm-67410-Dn0lnOn9/1386674588719-0.7867263027001172/package
16 verbose lock tar:///var/folders/yr/j1gy84lx42q9s05m4n2h9zjm0000gp/T/npm-67410-Dn0lnOn9/1386674588719-0.7867263027001172/package /Users/Joshfire/.npm/41e81686-88719-0-7867263027001172-package.lock
17 silly lockFile 0ab6ce44-88719-0-7867263027001172-tmp-tgz tar:///var/folders/yr/j1gy84lx42q9s05m4n2h9zjm0000gp/T/npm-67410-Dn0lnOn9/1386674588719-0.7867263027001172/tmp.tgz
18 verbose lock tar:///var/folders/yr/j1gy84lx42q9s05m4n2h9zjm0000gp/T/npm-67410-Dn0lnOn9/1386674588719-0.7867263027001172/tmp.tgz /Users/Joshfire/.npm/0ab6ce44-88719-0-7867263027001172-tmp-tgz.lock
19 silly gunzTarPerm modes [ '755', '644' ]
20 error not a package /var/folders/yr/j1gy84lx42q9s05m4n2h9zjm0000gp/T/npm-67410-Dn0lnOn9/1386674588719-0.7867263027001172/tmp.tgz
21 silly lockFile 41e81686-88719-0-7867263027001172-package tar:///var/folders/yr/j1gy84lx42q9s05m4n2h9zjm0000gp/T/npm-67410-Dn0lnOn9/1386674588719-0.7867263027001172/package
22 silly lockFile 41e81686-88719-0-7867263027001172-package tar:///var/folders/yr/j1gy84lx42q9s05m4n2h9zjm0000gp/T/npm-67410-Dn0lnOn9/1386674588719-0.7867263027001172/package
23 silly lockFile 0ab6ce44-88719-0-7867263027001172-tmp-tgz tar:///var/folders/yr/j1gy84lx42q9s05m4n2h9zjm0000gp/T/npm-67410-Dn0lnOn9/1386674588719-0.7867263027001172/tmp.tgz
24 silly lockFile 0ab6ce44-88719-0-7867263027001172-tmp-tgz tar:///var/folders/yr/j1gy84lx42q9s05m4n2h9zjm0000gp/T/npm-67410-Dn0lnOn9/1386674588719-0.7867263027001172/tmp.tgz
25 silly lockFile 04362e20-tps-github-com-fradinni-njsp-git https://github.com/fradinni/njsp.git
26 silly lockFile 04362e20-tps-github-com-fradinni-njsp-git https://github.com/fradinni/njsp.git
27 error Error: ENOENT, open '/var/folders/yr/j1gy84lx42q9s05m4n2h9zjm0000gp/T/npm-67410-Dn0lnOn9/1386674588719-0.7867263027001172/package/package.json'
28 error If you need help, you may report this log at:
28 error     <http://github.com/isaacs/npm/issues>
28 error or email it to:
28 error     <npm-@googlegroups.com>
29 error System Darwin 12.5.0
30 error command "/Users/Joshfire/.nvm/v0.10.16/bin/node" "/Users/Joshfire/.nvm/v0.10.16/bin/npm" "install" "-g" "https://github.com/fradinni/njsp.git"
31 error cwd /Users/Joshfire/Documents/GitPerso/njsp
32 error node -v v0.10.16
33 error npm -v 1.3.8
34 error path /var/folders/yr/j1gy84lx42q9s05m4n2h9zjm0000gp/T/npm-67410-Dn0lnOn9/1386674588719-0.7867263027001172/package/package.json
35 error code ENOENT
36 error errno 34
37 verbose exit [ 34, true ]
